2025-11-01 01:09:09,110 - FASTAPI - INFO - Starting Uvicorn server on 0.0.0.0:8000
2025-11-01 01:11:16,027 - FASTAPI - INFO - Starting Uvicorn server on 0.0.0.0:8000
2025-11-01 01:11:22,349 - FASTAPI - INFO - FastAPI application starting up...
2025-11-01 01:11:22,349 - FASTAPI - INFO - FastAPI application starting up...
2025-11-01 01:11:25,286 - FASTAPI - INFO - All models loaded successfully.
2025-11-01 01:11:25,286 - FASTAPI - INFO - All models loaded successfully.
2025-11-01 01:11:38,985 - FASTAPI - INFO - Successful prediction for model: linear_regression.
2025-11-01 01:11:38,985 - FASTAPI - INFO - Successful prediction for model: linear_regression.
2025-11-01 01:12:01,819 - FASTAPI - INFO - Successful prediction for model: cnn. Predicted digit: 3
2025-11-01 01:12:01,819 - FASTAPI - INFO - Successful prediction for model: cnn. Predicted digit: 3
2025-11-01 01:17:30,023 - FASTAPI - INFO - FastAPI application starting up...
2025-11-01 01:17:30,023 - FASTAPI - INFO - FastAPI application starting up...
2025-11-01 01:17:30,521 - FASTAPI - INFO - All models loaded successfully.
2025-11-01 01:17:30,521 - FASTAPI - INFO - All models loaded successfully.
2025-11-01 01:19:01,689 - FASTAPI - INFO - FastAPI application starting up...
2025-11-01 01:19:01,689 - FASTAPI - INFO - FastAPI application starting up...
2025-11-01 01:19:02,201 - FASTAPI - INFO - All models loaded successfully.
2025-11-01 01:19:02,201 - FASTAPI - INFO - All models loaded successfully.
2025-11-01 01:19:16,912 - FASTAPI - INFO - FastAPI application starting up...
2025-11-01 01:19:16,912 - FASTAPI - INFO - FastAPI application starting up...
2025-11-01 01:19:17,408 - FASTAPI - INFO - All models loaded successfully.
2025-11-01 01:19:17,408 - FASTAPI - INFO - All models loaded successfully.
2025-11-01 01:19:32,062 - FASTAPI - INFO - FastAPI application starting up...
2025-11-01 01:19:32,062 - FASTAPI - INFO - FastAPI application starting up...
2025-11-01 01:19:32,587 - FASTAPI - INFO - All models loaded successfully.
2025-11-01 01:19:32,587 - FASTAPI - INFO - All models loaded successfully.
2025-11-01 01:19:53,446 - FASTAPI - INFO - FastAPI application starting up...
2025-11-01 01:19:53,446 - FASTAPI - INFO - FastAPI application starting up...
2025-11-01 01:19:53,956 - FASTAPI - INFO - All models loaded successfully.
2025-11-01 01:19:53,956 - FASTAPI - INFO - All models loaded successfully.
2025-11-01 01:20:32,157 - FASTAPI - INFO - FastAPI application starting up...
2025-11-01 01:20:32,157 - FASTAPI - INFO - FastAPI application starting up...
2025-11-01 01:20:32,664 - FASTAPI - INFO - All models loaded successfully.
2025-11-01 01:20:32,664 - FASTAPI - INFO - All models loaded successfully.
2025-11-01 01:21:10,022 - FASTAPI - INFO - FastAPI application starting up...
2025-11-01 01:21:10,022 - FASTAPI - INFO - FastAPI application starting up...
2025-11-01 01:21:10,610 - FASTAPI - INFO - All models loaded successfully.
2025-11-01 01:21:10,610 - FASTAPI - INFO - All models loaded successfully.
2025-11-01 02:15:29,589 - FASTAPI - INFO - Successful prediction for model: random_forest.
2025-11-01 02:15:29,589 - FASTAPI - INFO - Successful prediction for model: random_forest.
2025-11-01 12:20:27,489 - FASTAPI - INFO - Starting Uvicorn server on 0.0.0.0:8000
2025-11-01 12:20:33,494 - FASTAPI - INFO - FastAPI application starting up...
2025-11-01 12:20:33,494 - FASTAPI - INFO - FastAPI application starting up...
2025-11-01 12:20:38,553 - FASTAPI - INFO - All models loaded successfully.
2025-11-01 12:20:38,553 - FASTAPI - INFO - All models loaded successfully.
2025-11-01 12:30:46,172 - FASTAPI - INFO - FastAPI application starting up...
2025-11-01 12:30:46,172 - FASTAPI - INFO - FastAPI application starting up...
2025-11-01 12:30:47,003 - FASTAPI - INFO - All models loaded successfully.
2025-11-01 12:30:47,003 - FASTAPI - INFO - All models loaded successfully.
2025-11-01 12:31:04,862 - FASTAPI - INFO - FastAPI application starting up...
2025-11-01 12:31:04,862 - FASTAPI - INFO - FastAPI application starting up...
2025-11-01 12:31:05,347 - FASTAPI - INFO - All models loaded successfully.
2025-11-01 12:31:05,347 - FASTAPI - INFO - All models loaded successfully.
2025-11-01 12:31:55,937 - FASTAPI - INFO - FastAPI application starting up...
2025-11-01 12:31:55,937 - FASTAPI - INFO - FastAPI application starting up...
2025-11-01 12:31:56,510 - FASTAPI - INFO - All models loaded successfully.
2025-11-01 12:31:56,510 - FASTAPI - INFO - All models loaded successfully.
2025-11-01 12:36:09,330 - FASTAPI - INFO - Starting Uvicorn server on 0.0.0.0:8000
2025-11-01 12:36:15,269 - FASTAPI - INFO - FastAPI application starting up...
2025-11-01 12:36:15,269 - FASTAPI - INFO - FastAPI application starting up...
2025-11-01 12:36:16,066 - FASTAPI - INFO - All models loaded successfully.
2025-11-01 12:36:16,066 - FASTAPI - INFO - All models loaded successfully.
2025-11-01 12:51:29,863 - FASTAPI - INFO - FastAPI application starting up...
2025-11-01 12:51:29,863 - FASTAPI - INFO - FastAPI application starting up...
2025-11-01 12:51:30,387 - FASTAPI - INFO - All models loaded successfully.
2025-11-01 12:51:30,387 - FASTAPI - INFO - All models loaded successfully.
2025-11-01 13:11:30,883 - FASTAPI - INFO - FastAPI application starting up...
2025-11-01 13:11:30,883 - FASTAPI - INFO - FastAPI application starting up...
2025-11-01 13:11:31,757 - FASTAPI - INFO - All models loaded successfully.
2025-11-01 13:11:31,757 - FASTAPI - INFO - All models loaded successfully.
2025-11-01 13:15:01,321 - FASTAPI - INFO - FastAPI application starting up...
2025-11-01 13:15:01,321 - FASTAPI - INFO - FastAPI application starting up...
2025-11-01 13:15:01,886 - FASTAPI - INFO - All models loaded successfully.
2025-11-01 13:15:01,886 - FASTAPI - INFO - All models loaded successfully.
2025-11-01 13:15:16,304 - FASTAPI - INFO - FastAPI application starting up...
2025-11-01 13:15:16,304 - FASTAPI - INFO - FastAPI application starting up...
2025-11-01 13:15:16,890 - FASTAPI - INFO - All models loaded successfully.
2025-11-01 13:15:16,890 - FASTAPI - INFO - All models loaded successfully.
2025-11-01 13:57:02,581 - FASTAPI - INFO - FastAPI application starting up...
2025-11-01 13:57:02,581 - FASTAPI - INFO - FastAPI application starting up...
2025-11-01 13:57:03,445 - FASTAPI - INFO - All models loaded successfully.
2025-11-01 13:57:03,445 - FASTAPI - INFO - All models loaded successfully.
2025-11-01 13:57:43,282 - FASTAPI - INFO - FastAPI application starting up...
2025-11-01 13:57:43,282 - FASTAPI - INFO - FastAPI application starting up...
2025-11-01 13:57:43,857 - FASTAPI - INFO - All models loaded successfully.
2025-11-01 13:57:43,857 - FASTAPI - INFO - All models loaded successfully.
2025-11-01 14:02:28,093 - FASTAPI - INFO - FastAPI application starting up...
2025-11-01 14:02:28,093 - FASTAPI - INFO - FastAPI application starting up...
2025-11-01 14:02:28,689 - FASTAPI - INFO - All models loaded successfully.
2025-11-01 14:02:28,689 - FASTAPI - INFO - All models loaded successfully.
2025-11-01 14:02:43,829 - FASTAPI - INFO - FastAPI application starting up...
2025-11-01 14:02:43,829 - FASTAPI - INFO - FastAPI application starting up...
2025-11-01 14:02:44,460 - FASTAPI - INFO - All models loaded successfully.
2025-11-01 14:02:44,460 - FASTAPI - INFO - All models loaded successfully.
2025-11-01 14:09:36,556 - FASTAPI - INFO - FastAPI application starting up...
2025-11-01 14:09:36,556 - FASTAPI - INFO - FastAPI application starting up...
2025-11-01 14:09:37,209 - FASTAPI - INFO - All models loaded successfully.
2025-11-01 14:09:37,209 - FASTAPI - INFO - All models loaded successfully.
2025-11-01 14:10:13,734 - FASTAPI - INFO - FastAPI application starting up...
2025-11-01 14:10:13,734 - FASTAPI - INFO - FastAPI application starting up...
2025-11-01 14:10:14,451 - FASTAPI - INFO - All models loaded successfully.
2025-11-01 14:10:14,451 - FASTAPI - INFO - All models loaded successfully.
2025-11-01 17:04:57,577 - FASTAPI - INFO - FastAPI application starting up...
2025-11-01 17:04:57,577 - FASTAPI - INFO - FastAPI application starting up...
2025-11-01 17:05:06,533 - FASTAPI - INFO - All models loaded successfully.
2025-11-01 17:05:06,533 - FASTAPI - INFO - All models loaded successfully.
2025-11-01 17:07:07,018 - FASTAPI - INFO - FastAPI application starting up...
2025-11-01 17:07:07,018 - FASTAPI - INFO - FastAPI application starting up...
2025-11-01 17:07:07,738 - FASTAPI - INFO - All models loaded successfully.
2025-11-01 17:07:07,738 - FASTAPI - INFO - All models loaded successfully.
2025-11-01 17:07:22,684 - FASTAPI - INFO - FastAPI application starting up...
2025-11-01 17:07:22,684 - FASTAPI - INFO - FastAPI application starting up...
2025-11-01 17:07:23,301 - FASTAPI - INFO - All models loaded successfully.
2025-11-01 17:07:23,301 - FASTAPI - INFO - All models loaded successfully.
2025-11-01 17:07:50,973 - FASTAPI - INFO - FastAPI application starting up...
2025-11-01 17:07:50,973 - FASTAPI - INFO - FastAPI application starting up...
2025-11-01 17:07:51,659 - FASTAPI - INFO - All models loaded successfully.
2025-11-01 17:07:51,659 - FASTAPI - INFO - All models loaded successfully.
2025-11-01 17:08:26,950 - FASTAPI - INFO - FastAPI application starting up...
2025-11-01 17:08:26,950 - FASTAPI - INFO - FastAPI application starting up...
2025-11-01 17:08:27,515 - FASTAPI - INFO - All models loaded successfully.
2025-11-01 17:08:27,515 - FASTAPI - INFO - All models loaded successfully.
2025-11-01 17:08:42,391 - FASTAPI - INFO - FastAPI application starting up...
2025-11-01 17:08:42,391 - FASTAPI - INFO - FastAPI application starting up...
2025-11-01 17:08:43,030 - FASTAPI - INFO - All models loaded successfully.
2025-11-01 17:08:43,030 - FASTAPI - INFO - All models loaded successfully.
2025-11-01 17:08:58,196 - FASTAPI - INFO - FastAPI application starting up...
2025-11-01 17:08:58,196 - FASTAPI - INFO - FastAPI application starting up...
2025-11-01 17:08:58,914 - FASTAPI - INFO - All models loaded successfully.
2025-11-01 17:08:58,914 - FASTAPI - INFO - All models loaded successfully.
2025-11-01 17:10:09,136 - FASTAPI - INFO - FastAPI application starting up...
2025-11-01 17:10:09,136 - FASTAPI - INFO - FastAPI application starting up...
2025-11-01 17:10:09,797 - FASTAPI - INFO - All models loaded successfully.
2025-11-01 17:10:09,797 - FASTAPI - INFO - All models loaded successfully.
2025-11-01 17:10:24,974 - FASTAPI - INFO - FastAPI application starting up...
2025-11-01 17:10:24,974 - FASTAPI - INFO - FastAPI application starting up...
2025-11-01 17:10:25,549 - FASTAPI - INFO - All models loaded successfully.
2025-11-01 17:10:25,549 - FASTAPI - INFO - All models loaded successfully.
2025-11-01 17:10:40,735 - FASTAPI - INFO - FastAPI application starting up...
2025-11-01 17:10:40,735 - FASTAPI - INFO - FastAPI application starting up...
2025-11-01 17:10:41,452 - FASTAPI - INFO - All models loaded successfully.
2025-11-01 17:10:41,452 - FASTAPI - INFO - All models loaded successfully.
2025-11-01 17:11:31,003 - FASTAPI - INFO - FastAPI application starting up...
2025-11-01 17:11:31,003 - FASTAPI - INFO - FastAPI application starting up...
2025-11-01 17:11:31,565 - FASTAPI - INFO - All models loaded successfully.
2025-11-01 17:11:31,565 - FASTAPI - INFO - All models loaded successfully.
2025-11-01 17:11:53,916 - FASTAPI - INFO - FastAPI application starting up...
2025-11-01 17:11:53,916 - FASTAPI - INFO - FastAPI application starting up...
2025-11-01 17:11:54,482 - FASTAPI - INFO - All models loaded successfully.
2025-11-01 17:11:54,482 - FASTAPI - INFO - All models loaded successfully.
2025-11-01 17:12:09,080 - FASTAPI - INFO - FastAPI application starting up...
2025-11-01 17:12:09,080 - FASTAPI - INFO - FastAPI application starting up...
2025-11-01 17:12:09,645 - FASTAPI - INFO - All models loaded successfully.
2025-11-01 17:12:09,645 - FASTAPI - INFO - All models loaded successfully.
2025-11-01 17:12:37,749 - FASTAPI - INFO - FastAPI application starting up...
2025-11-01 17:12:37,749 - FASTAPI - INFO - FastAPI application starting up...
2025-11-01 17:12:38,272 - FASTAPI - INFO - All models loaded successfully.
2025-11-01 17:12:38,272 - FASTAPI - INFO - All models loaded successfully.
2025-11-01 17:12:52,865 - FASTAPI - INFO - FastAPI application starting up...
2025-11-01 17:12:52,865 - FASTAPI - INFO - FastAPI application starting up...
2025-11-01 17:12:53,440 - FASTAPI - INFO - All models loaded successfully.
2025-11-01 17:12:53,440 - FASTAPI - INFO - All models loaded successfully.
2025-11-01 17:14:21,989 - FASTAPI - INFO - FastAPI application starting up...
2025-11-01 17:14:21,989 - FASTAPI - INFO - FastAPI application starting up...
2025-11-01 17:14:22,534 - FASTAPI - INFO - All models loaded successfully.
2025-11-01 17:14:22,534 - FASTAPI - INFO - All models loaded successfully.
2025-11-01 17:15:04,806 - FASTAPI - INFO - FastAPI application starting up...
2025-11-01 17:15:04,806 - FASTAPI - INFO - FastAPI application starting up...
2025-11-01 17:15:05,410 - FASTAPI - INFO - All models loaded successfully.
2025-11-01 17:15:05,410 - FASTAPI - INFO - All models loaded successfully.
2025-11-01 17:15:33,836 - FASTAPI - INFO - FastAPI application starting up...
2025-11-01 17:15:33,836 - FASTAPI - INFO - FastAPI application starting up...
2025-11-01 17:15:34,445 - FASTAPI - INFO - All models loaded successfully.
2025-11-01 17:15:34,445 - FASTAPI - INFO - All models loaded successfully.
2025-11-01 17:16:16,890 - FASTAPI - INFO - FastAPI application starting up...
2025-11-01 17:16:16,890 - FASTAPI - INFO - FastAPI application starting up...
2025-11-01 17:16:17,468 - FASTAPI - INFO - All models loaded successfully.
2025-11-01 17:16:17,468 - FASTAPI - INFO - All models loaded successfully.
2025-11-01 17:23:49,226 - FASTAPI - INFO - FastAPI application starting up...
2025-11-01 17:23:49,226 - FASTAPI - INFO - FastAPI application starting up...
2025-11-01 17:23:49,856 - FASTAPI - INFO - All models loaded successfully.
2025-11-01 17:23:49,856 - FASTAPI - INFO - All models loaded successfully.
2025-11-01 17:25:33,354 - FASTAPI - INFO - FastAPI application starting up...
2025-11-01 17:25:33,354 - FASTAPI - INFO - FastAPI application starting up...
2025-11-01 17:25:33,899 - FASTAPI - INFO - All models loaded successfully.
2025-11-01 17:25:33,899 - FASTAPI - INFO - All models loaded successfully.
2025-11-01 17:26:46,814 - FASTAPI - INFO - FastAPI application starting up...
2025-11-01 17:26:46,814 - FASTAPI - INFO - FastAPI application starting up...
2025-11-01 17:26:47,325 - FASTAPI - INFO - All models loaded successfully.
2025-11-01 17:26:47,325 - FASTAPI - INFO - All models loaded successfully.
2025-11-01 17:27:08,027 - FASTAPI - INFO - FastAPI application starting up...
2025-11-01 17:27:08,027 - FASTAPI - INFO - FastAPI application starting up...
2025-11-01 17:27:08,553 - FASTAPI - INFO - All models loaded successfully.
2025-11-01 17:27:08,553 - FASTAPI - INFO - All models loaded successfully.
2025-11-01 17:27:22,477 - FASTAPI - INFO - FastAPI application starting up...
2025-11-01 17:27:22,477 - FASTAPI - INFO - FastAPI application starting up...
2025-11-01 17:27:23,051 - FASTAPI - INFO - All models loaded successfully.
2025-11-01 17:27:23,051 - FASTAPI - INFO - All models loaded successfully.
2025-11-01 17:28:16,464 - FASTAPI - INFO - FastAPI application starting up...
2025-11-01 17:28:16,464 - FASTAPI - INFO - FastAPI application starting up...
2025-11-01 17:28:17,107 - FASTAPI - INFO - All models loaded successfully.
2025-11-01 17:28:17,107 - FASTAPI - INFO - All models loaded successfully.
2025-11-01 17:29:30,444 - FASTAPI - INFO - FastAPI application starting up...
2025-11-01 17:29:30,444 - FASTAPI - INFO - FastAPI application starting up...
2025-11-01 17:29:30,959 - FASTAPI - INFO - All models loaded successfully.
2025-11-01 17:29:30,959 - FASTAPI - INFO - All models loaded successfully.
2025-11-01 17:30:10,356 - FASTAPI - INFO - FastAPI application starting up...
2025-11-01 17:30:10,356 - FASTAPI - INFO - FastAPI application starting up...
2025-11-01 17:30:10,904 - FASTAPI - INFO - All models loaded successfully.
2025-11-01 17:30:10,904 - FASTAPI - INFO - All models loaded successfully.
2025-11-01 17:42:00,604 - FASTAPI - INFO - Successful prediction for model: linear_regression.
2025-11-01 17:42:00,604 - FASTAPI - INFO - Successful prediction for model: linear_regression.
2025-11-01 17:45:00,077 - FASTAPI - INFO - FastAPI application starting up...
2025-11-01 17:45:00,077 - FASTAPI - INFO - FastAPI application starting up...
2025-11-01 17:45:00,698 - FASTAPI - INFO - All models loaded successfully.
2025-11-01 17:45:00,698 - FASTAPI - INFO - All models loaded successfully.
2025-11-01 17:46:56,206 - FASTAPI - INFO - FastAPI application starting up...
2025-11-01 17:46:56,206 - FASTAPI - INFO - FastAPI application starting up...
2025-11-01 17:46:56,776 - FASTAPI - INFO - All models loaded successfully.
2025-11-01 17:46:56,776 - FASTAPI - INFO - All models loaded successfully.
2025-11-01 17:47:10,603 - FASTAPI - INFO - FastAPI application starting up...
2025-11-01 17:47:10,603 - FASTAPI - INFO - FastAPI application starting up...
2025-11-01 17:47:11,144 - FASTAPI - INFO - All models loaded successfully.
2025-11-01 17:47:11,144 - FASTAPI - INFO - All models loaded successfully.
2025-11-01 17:48:15,118 - FASTAPI - INFO - FastAPI application starting up...
2025-11-01 17:48:15,118 - FASTAPI - INFO - FastAPI application starting up...
2025-11-01 17:48:15,677 - FASTAPI - INFO - All models loaded successfully.
2025-11-01 17:48:15,677 - FASTAPI - INFO - All models loaded successfully.
2025-11-01 17:50:22,672 - FASTAPI - INFO - FastAPI application starting up...
2025-11-01 17:50:22,672 - FASTAPI - INFO - FastAPI application starting up...
2025-11-01 17:50:23,219 - FASTAPI - INFO - All models loaded successfully.
2025-11-01 17:50:23,219 - FASTAPI - INFO - All models loaded successfully.
2025-11-01 17:50:36,797 - FASTAPI - INFO - FastAPI application starting up...
2025-11-01 17:50:36,797 - FASTAPI - INFO - FastAPI application starting up...
2025-11-01 17:50:37,304 - FASTAPI - INFO - All models loaded successfully.
2025-11-01 17:50:37,304 - FASTAPI - INFO - All models loaded successfully.
2025-11-01 17:50:57,627 - FASTAPI - INFO - FastAPI application starting up...
2025-11-01 17:50:57,627 - FASTAPI - INFO - FastAPI application starting up...
2025-11-01 17:50:58,250 - FASTAPI - INFO - All models loaded successfully.
2025-11-01 17:50:58,250 - FASTAPI - INFO - All models loaded successfully.
2025-11-01 17:53:28,839 - FASTAPI - INFO - FastAPI application starting up...
2025-11-01 17:53:28,839 - FASTAPI - INFO - FastAPI application starting up...
2025-11-01 17:53:29,382 - FASTAPI - INFO - All models loaded successfully.
2025-11-01 17:53:29,382 - FASTAPI - INFO - All models loaded successfully.
2025-11-01 17:53:49,407 - FASTAPI - INFO - FastAPI application starting up...
2025-11-01 17:53:49,407 - FASTAPI - INFO - FastAPI application starting up...
2025-11-01 17:53:49,969 - FASTAPI - INFO - All models loaded successfully.
2025-11-01 17:53:49,969 - FASTAPI - INFO - All models loaded successfully.
2025-11-01 17:54:04,726 - FASTAPI - INFO - FastAPI application starting up...
2025-11-01 17:54:04,726 - FASTAPI - INFO - FastAPI application starting up...
2025-11-01 17:54:05,263 - FASTAPI - INFO - All models loaded successfully.
2025-11-01 17:54:05,263 - FASTAPI - INFO - All models loaded successfully.
2025-11-01 17:55:24,530 - FASTAPI - INFO - FastAPI application starting up...
2025-11-01 17:55:24,530 - FASTAPI - INFO - FastAPI application starting up...
2025-11-01 17:55:25,054 - FASTAPI - INFO - All models loaded successfully.
2025-11-01 17:55:25,054 - FASTAPI - INFO - All models loaded successfully.
2025-11-01 17:55:58,636 - FASTAPI - INFO - FastAPI application starting up...
2025-11-01 17:55:58,636 - FASTAPI - INFO - FastAPI application starting up...
2025-11-01 17:55:59,167 - FASTAPI - INFO - All models loaded successfully.
2025-11-01 17:55:59,167 - FASTAPI - INFO - All models loaded successfully.
2025-11-01 17:56:31,603 - FASTAPI - INFO - FastAPI application starting up...
2025-11-01 17:56:31,603 - FASTAPI - INFO - FastAPI application starting up...
2025-11-01 17:56:32,133 - FASTAPI - INFO - All models loaded successfully.
2025-11-01 17:56:32,133 - FASTAPI - INFO - All models loaded successfully.
2025-11-01 17:57:04,854 - FASTAPI - INFO - FastAPI application starting up...
2025-11-01 17:57:04,854 - FASTAPI - INFO - FastAPI application starting up...
2025-11-01 17:57:05,356 - FASTAPI - INFO - All models loaded successfully.
2025-11-01 17:57:05,356 - FASTAPI - INFO - All models loaded successfully.
2025-11-01 17:57:51,632 - FASTAPI - INFO - FastAPI application starting up...
2025-11-01 17:57:51,632 - FASTAPI - INFO - FastAPI application starting up...
2025-11-01 17:57:52,132 - FASTAPI - INFO - All models loaded successfully.
2025-11-01 17:57:52,132 - FASTAPI - INFO - All models loaded successfully.
2025-11-01 23:25:58,978 - FASTAPI - INFO - FastAPI application starting up...
2025-11-01 23:25:58,978 - FASTAPI - INFO - FastAPI application starting up...
2025-11-01 23:26:02,330 - FASTAPI - INFO - All models loaded successfully.
2025-11-01 23:26:02,330 - FASTAPI - INFO - All models loaded successfully.
2025-11-01 23:31:15,931 - FASTAPI - INFO - Successful prediction for model: cnn. Predicted digit: 2
2025-11-01 23:31:15,931 - FASTAPI - INFO - Successful prediction for model: cnn. Predicted digit: 2
2025-11-01 23:31:22,595 - FASTAPI - INFO - Successful prediction for model: cnn. Predicted digit: 3
2025-11-01 23:31:22,595 - FASTAPI - INFO - Successful prediction for model: cnn. Predicted digit: 3
2025-11-01 23:31:29,087 - FASTAPI - INFO - Successful prediction for model: cnn. Predicted digit: 2
2025-11-01 23:31:29,087 - FASTAPI - INFO - Successful prediction for model: cnn. Predicted digit: 2
2025-11-02 00:44:59,880 - FASTAPI - INFO - Successful prediction for model: linear_regression.
2025-11-02 00:44:59,880 - FASTAPI - INFO - Successful prediction for model: linear_regression.
