2025-11-02 00:53:38,219 - FASTAPI - INFO - FastAPI application starting up...
2025-11-02 00:53:38,219 - FASTAPI - INFO - FastAPI application starting up...
2025-11-02 00:53:39,258 - FASTAPI - INFO - All models loaded successfully.
2025-11-02 00:53:39,258 - FASTAPI - INFO - All models loaded successfully.
2025-11-02 00:54:31,481 - FASTAPI - INFO - Starting Uvicorn server on 0.0.0.0:8000
2025-11-02 00:54:38,342 - FASTAPI - INFO - FastAPI application starting up...
2025-11-02 00:54:38,342 - FASTAPI - INFO - FastAPI application starting up...
2025-11-02 00:54:39,227 - FASTAPI - INFO - All models loaded successfully.
2025-11-02 00:54:39,227 - FASTAPI - INFO - All models loaded successfully.
2025-11-02 00:56:17,547 - FASTAPI - INFO - FastAPI application starting up...
2025-11-02 00:56:17,547 - FASTAPI - INFO - FastAPI application starting up...
2025-11-02 00:56:18,160 - FASTAPI - INFO - All models loaded successfully.
2025-11-02 00:56:18,160 - FASTAPI - INFO - All models loaded successfully.
2025-11-02 00:57:38,242 - FASTAPI - INFO - FastAPI application starting up...
2025-11-02 00:57:38,242 - FASTAPI - INFO - FastAPI application starting up...
2025-11-02 00:57:38,772 - FASTAPI - INFO - All models loaded successfully.
2025-11-02 00:57:38,772 - FASTAPI - INFO - All models loaded successfully.
2025-11-02 01:00:49,683 - FASTAPI - INFO - FastAPI application starting up...
2025-11-02 01:00:49,683 - FASTAPI - INFO - FastAPI application starting up...
2025-11-02 01:00:50,259 - FASTAPI - INFO - All models loaded successfully.
2025-11-02 01:00:50,259 - FASTAPI - INFO - All models loaded successfully.
2025-11-02 01:03:04,953 - FASTAPI - INFO - FastAPI application starting up...
2025-11-02 01:03:04,953 - FASTAPI - INFO - FastAPI application starting up...
2025-11-02 01:03:05,537 - FASTAPI - INFO - All models loaded successfully.
2025-11-02 01:03:05,537 - FASTAPI - INFO - All models loaded successfully.
2025-11-02 01:03:33,621 - FASTAPI - INFO - FastAPI application starting up...
2025-11-02 01:03:33,621 - FASTAPI - INFO - FastAPI application starting up...
2025-11-02 01:03:34,207 - FASTAPI - INFO - All models loaded successfully.
2025-11-02 01:03:34,207 - FASTAPI - INFO - All models loaded successfully.
2025-11-02 01:03:48,369 - FASTAPI - INFO - FastAPI application starting up...
2025-11-02 01:03:48,369 - FASTAPI - INFO - FastAPI application starting up...
2025-11-02 01:03:48,893 - FASTAPI - INFO - All models loaded successfully.
2025-11-02 01:03:48,893 - FASTAPI - INFO - All models loaded successfully.
2025-11-02 01:08:22,074 - FASTAPI - INFO - FastAPI application starting up...
2025-11-02 01:08:22,074 - FASTAPI - INFO - FastAPI application starting up...
2025-11-02 01:08:22,616 - FASTAPI - INFO - All models loaded successfully.
2025-11-02 01:08:22,616 - FASTAPI - INFO - All models loaded successfully.
2025-11-02 01:16:47,093 - FASTAPI - INFO - FastAPI application starting up...
2025-11-02 01:16:47,093 - FASTAPI - INFO - FastAPI application starting up...
2025-11-02 01:16:47,714 - FASTAPI - INFO - All models loaded successfully.
2025-11-02 01:16:47,714 - FASTAPI - INFO - All models loaded successfully.
2025-11-02 01:17:02,432 - FASTAPI - INFO - FastAPI application starting up...
2025-11-02 01:17:02,432 - FASTAPI - INFO - FastAPI application starting up...
2025-11-02 01:17:02,994 - FASTAPI - INFO - All models loaded successfully.
2025-11-02 01:17:02,994 - FASTAPI - INFO - All models loaded successfully.
2025-11-02 01:17:54,771 - FASTAPI - INFO - FastAPI application starting up...
2025-11-02 01:17:54,771 - FASTAPI - INFO - FastAPI application starting up...
2025-11-02 01:17:55,315 - FASTAPI - INFO - All models loaded successfully.
2025-11-02 01:17:55,315 - FASTAPI - INFO - All models loaded successfully.
2025-11-02 01:19:02,992 - FASTAPI - INFO - FastAPI application starting up...
2025-11-02 01:19:02,992 - FASTAPI - INFO - FastAPI application starting up...
2025-11-02 01:19:03,570 - FASTAPI - INFO - All models loaded successfully.
2025-11-02 01:19:03,570 - FASTAPI - INFO - All models loaded successfully.
2025-11-02 01:20:09,895 - FASTAPI - INFO - FastAPI application starting up...
2025-11-02 01:20:09,895 - FASTAPI - INFO - FastAPI application starting up...
2025-11-02 01:20:10,755 - FASTAPI - INFO - All models loaded successfully.
2025-11-02 01:20:10,755 - FASTAPI - INFO - All models loaded successfully.
2025-11-02 01:20:25,430 - FASTAPI - INFO - FastAPI application starting up...
2025-11-02 01:20:25,430 - FASTAPI - INFO - FastAPI application starting up...
2025-11-02 01:20:25,981 - FASTAPI - INFO - All models loaded successfully.
2025-11-02 01:20:25,981 - FASTAPI - INFO - All models loaded successfully.
2025-11-02 01:21:25,615 - FASTAPI - INFO - FastAPI application starting up...
2025-11-02 01:21:25,615 - FASTAPI - INFO - FastAPI application starting up...
2025-11-02 01:21:26,193 - FASTAPI - INFO - All models loaded successfully.
2025-11-02 01:21:26,193 - FASTAPI - INFO - All models loaded successfully.
2025-11-02 01:22:37,300 - FASTAPI - INFO - FastAPI application starting up...
2025-11-02 01:22:37,300 - FASTAPI - INFO - FastAPI application starting up...
2025-11-02 01:22:37,884 - FASTAPI - INFO - All models loaded successfully.
2025-11-02 01:22:37,884 - FASTAPI - INFO - All models loaded successfully.
2025-11-02 01:22:58,870 - FASTAPI - INFO - FastAPI application starting up...
2025-11-02 01:22:58,870 - FASTAPI - INFO - FastAPI application starting up...
2025-11-02 01:22:59,636 - FASTAPI - INFO - All models loaded successfully.
2025-11-02 01:22:59,636 - FASTAPI - INFO - All models loaded successfully.
2025-11-02 01:23:40,049 - FASTAPI - INFO - FastAPI application starting up...
2025-11-02 01:23:40,049 - FASTAPI - INFO - FastAPI application starting up...
2025-11-02 01:23:40,642 - FASTAPI - INFO - All models loaded successfully.
2025-11-02 01:23:40,642 - FASTAPI - INFO - All models loaded successfully.
2025-11-02 01:24:08,505 - FASTAPI - INFO - FastAPI application starting up...
2025-11-02 01:24:08,505 - FASTAPI - INFO - FastAPI application starting up...
2025-11-02 01:24:09,029 - FASTAPI - INFO - All models loaded successfully.
2025-11-02 01:24:09,029 - FASTAPI - INFO - All models loaded successfully.
2025-11-02 01:28:00,070 - FASTAPI - INFO - FastAPI application starting up...
2025-11-02 01:28:00,070 - FASTAPI - INFO - FastAPI application starting up...
2025-11-02 01:28:00,618 - FASTAPI - INFO - All models loaded successfully.
2025-11-02 01:28:00,618 - FASTAPI - INFO - All models loaded successfully.
2025-11-02 01:28:15,397 - FASTAPI - INFO - FastAPI application starting up...
2025-11-02 01:28:15,397 - FASTAPI - INFO - FastAPI application starting up...
2025-11-02 01:28:16,268 - FASTAPI - INFO - All models loaded successfully.
2025-11-02 01:28:16,268 - FASTAPI - INFO - All models loaded successfully.
2025-11-02 01:28:30,399 - FASTAPI - INFO - FastAPI application starting up...
2025-11-02 01:28:30,399 - FASTAPI - INFO - FastAPI application starting up...
2025-11-02 01:28:30,956 - FASTAPI - INFO - All models loaded successfully.
2025-11-02 01:28:30,956 - FASTAPI - INFO - All models loaded successfully.
2025-11-02 01:29:44,255 - FASTAPI - INFO - FastAPI application starting up...
2025-11-02 01:29:44,255 - FASTAPI - INFO - FastAPI application starting up...
2025-11-02 01:29:44,869 - FASTAPI - INFO - All models loaded successfully.
2025-11-02 01:29:44,869 - FASTAPI - INFO - All models loaded successfully.
2025-11-02 01:30:19,794 - FASTAPI - INFO - FastAPI application starting up...
2025-11-02 01:30:19,794 - FASTAPI - INFO - FastAPI application starting up...
2025-11-02 01:30:20,380 - FASTAPI - INFO - All models loaded successfully.
2025-11-02 01:30:20,380 - FASTAPI - INFO - All models loaded successfully.
2025-11-02 01:31:26,783 - FASTAPI - INFO - FastAPI application starting up...
2025-11-02 01:31:26,783 - FASTAPI - INFO - FastAPI application starting up...
2025-11-02 01:31:27,586 - FASTAPI - INFO - All models loaded successfully.
2025-11-02 01:31:27,586 - FASTAPI - INFO - All models loaded successfully.
2025-11-02 01:32:42,858 - FASTAPI - INFO - FastAPI application starting up...
2025-11-02 01:32:42,858 - FASTAPI - INFO - FastAPI application starting up...
2025-11-02 01:32:43,454 - FASTAPI - INFO - All models loaded successfully.
2025-11-02 01:32:43,454 - FASTAPI - INFO - All models loaded successfully.
2025-11-02 01:33:04,592 - FASTAPI - INFO - FastAPI application starting up...
2025-11-02 01:33:04,592 - FASTAPI - INFO - FastAPI application starting up...
2025-11-02 01:33:05,177 - FASTAPI - INFO - All models loaded successfully.
2025-11-02 01:33:05,177 - FASTAPI - INFO - All models loaded successfully.
2025-11-02 01:33:34,029 - FASTAPI - INFO - FastAPI application starting up...
2025-11-02 01:33:34,029 - FASTAPI - INFO - FastAPI application starting up...
2025-11-02 01:33:34,707 - FASTAPI - INFO - All models loaded successfully.
2025-11-02 01:33:34,707 - FASTAPI - INFO - All models loaded successfully.
2025-11-02 01:34:30,420 - FASTAPI - INFO - FastAPI application starting up...
2025-11-02 01:34:30,420 - FASTAPI - INFO - FastAPI application starting up...
2025-11-02 01:34:30,986 - FASTAPI - INFO - All models loaded successfully.
2025-11-02 01:34:30,986 - FASTAPI - INFO - All models loaded successfully.
2025-11-02 01:35:37,580 - FASTAPI - INFO - FastAPI application starting up...
2025-11-02 01:35:37,580 - FASTAPI - INFO - FastAPI application starting up...
2025-11-02 01:35:38,178 - FASTAPI - INFO - All models loaded successfully.
2025-11-02 01:35:38,178 - FASTAPI - INFO - All models loaded successfully.
2025-11-02 01:35:59,094 - FASTAPI - INFO - FastAPI application starting up...
2025-11-02 01:35:59,094 - FASTAPI - INFO - FastAPI application starting up...
2025-11-02 01:35:59,799 - FASTAPI - INFO - All models loaded successfully.
2025-11-02 01:35:59,799 - FASTAPI - INFO - All models loaded successfully.
2025-11-02 01:36:40,793 - FASTAPI - INFO - FastAPI application starting up...
2025-11-02 01:36:40,793 - FASTAPI - INFO - FastAPI application starting up...
2025-11-02 01:36:41,455 - FASTAPI - INFO - All models loaded successfully.
2025-11-02 01:36:41,455 - FASTAPI - INFO - All models loaded successfully.
2025-11-02 01:36:57,036 - FASTAPI - INFO - FastAPI application starting up...
2025-11-02 01:36:57,036 - FASTAPI - INFO - FastAPI application starting up...
2025-11-02 01:36:58,016 - FASTAPI - INFO - All models loaded successfully.
2025-11-02 01:36:58,016 - FASTAPI - INFO - All models loaded successfully.
2025-11-02 01:37:21,615 - FASTAPI - INFO - FastAPI application starting up...
2025-11-02 01:37:21,615 - FASTAPI - INFO - FastAPI application starting up...
2025-11-02 01:37:22,234 - FASTAPI - INFO - All models loaded successfully.
2025-11-02 01:37:22,234 - FASTAPI - INFO - All models loaded successfully.
2025-11-02 01:37:31,358 - FASTAPI - INFO - FastAPI application starting up...
2025-11-02 01:37:31,358 - FASTAPI - INFO - FastAPI application starting up...
2025-11-02 01:37:31,893 - FASTAPI - INFO - All models loaded successfully.
2025-11-02 01:37:31,893 - FASTAPI - INFO - All models loaded successfully.
2025-11-02 01:38:26,724 - FASTAPI - INFO - FastAPI application starting up...
2025-11-02 01:38:26,724 - FASTAPI - INFO - FastAPI application starting up...
2025-11-02 01:38:27,524 - FASTAPI - INFO - All models loaded successfully.
2025-11-02 01:38:27,524 - FASTAPI - INFO - All models loaded successfully.
2025-11-02 01:38:36,677 - FASTAPI - INFO - FastAPI application starting up...
2025-11-02 01:38:36,677 - FASTAPI - INFO - FastAPI application starting up...
2025-11-02 01:38:37,511 - FASTAPI - INFO - All models loaded successfully.
2025-11-02 01:38:37,511 - FASTAPI - INFO - All models loaded successfully.
2025-11-02 01:38:47,082 - FASTAPI - INFO - FastAPI application starting up...
2025-11-02 01:38:47,082 - FASTAPI - INFO - FastAPI application starting up...
2025-11-02 01:38:47,694 - FASTAPI - INFO - All models loaded successfully.
2025-11-02 01:38:47,694 - FASTAPI - INFO - All models loaded successfully.
2025-11-02 01:39:24,451 - FASTAPI - INFO - FastAPI application starting up...
2025-11-02 01:39:24,451 - FASTAPI - INFO - FastAPI application starting up...
2025-11-02 01:39:25,057 - FASTAPI - INFO - All models loaded successfully.
2025-11-02 01:39:25,057 - FASTAPI - INFO - All models loaded successfully.
2025-11-02 01:40:59,955 - FASTAPI - INFO - FastAPI application starting up...
2025-11-02 01:40:59,955 - FASTAPI - INFO - FastAPI application starting up...
2025-11-02 01:41:00,543 - FASTAPI - INFO - All models loaded successfully.
2025-11-02 01:41:00,543 - FASTAPI - INFO - All models loaded successfully.
2025-11-02 01:51:43,491 - FASTAPI - INFO - FastAPI application starting up...
2025-11-02 01:51:43,491 - FASTAPI - INFO - FastAPI application starting up...
2025-11-02 01:51:44,195 - FASTAPI - INFO - All models loaded successfully.
2025-11-02 01:51:44,195 - FASTAPI - INFO - All models loaded successfully.
2025-11-02 01:52:59,565 - FASTAPI - INFO - FastAPI application starting up...
2025-11-02 01:52:59,565 - FASTAPI - INFO - FastAPI application starting up...
2025-11-02 01:53:00,190 - FASTAPI - INFO - All models loaded successfully.
2025-11-02 01:53:00,190 - FASTAPI - INFO - All models loaded successfully.
2025-11-02 01:54:32,741 - FASTAPI - INFO - FastAPI application starting up...
2025-11-02 01:54:32,741 - FASTAPI - INFO - FastAPI application starting up...
2025-11-02 01:54:33,323 - FASTAPI - INFO - All models loaded successfully.
2025-11-02 01:54:33,323 - FASTAPI - INFO - All models loaded successfully.
2025-11-02 02:07:34,035 - FASTAPI - INFO - FastAPI application starting up...
2025-11-02 02:07:34,035 - FASTAPI - INFO - FastAPI application starting up...
2025-11-02 02:07:34,580 - FASTAPI - INFO - All models loaded successfully.
2025-11-02 02:07:34,580 - FASTAPI - INFO - All models loaded successfully.
2025-11-02 02:08:44,812 - FASTAPI - INFO - FastAPI application starting up...
2025-11-02 02:08:44,812 - FASTAPI - INFO - FastAPI application starting up...
2025-11-02 02:08:45,420 - FASTAPI - INFO - All models loaded successfully.
2025-11-02 02:08:45,420 - FASTAPI - INFO - All models loaded successfully.
2025-11-02 02:09:01,066 - FASTAPI - INFO - FastAPI application starting up...
2025-11-02 02:09:01,066 - FASTAPI - INFO - FastAPI application starting up...
2025-11-02 02:09:01,667 - FASTAPI - INFO - All models loaded successfully.
2025-11-02 02:09:01,667 - FASTAPI - INFO - All models loaded successfully.
2025-11-02 02:09:29,672 - FASTAPI - INFO - FastAPI application starting up...
2025-11-02 02:09:29,672 - FASTAPI - INFO - FastAPI application starting up...
2025-11-02 02:09:30,428 - FASTAPI - INFO - All models loaded successfully.
2025-11-02 02:09:30,428 - FASTAPI - INFO - All models loaded successfully.
2025-11-02 02:09:40,030 - FASTAPI - INFO - FastAPI application starting up...
2025-11-02 02:09:40,030 - FASTAPI - INFO - FastAPI application starting up...
2025-11-02 02:09:40,587 - FASTAPI - INFO - All models loaded successfully.
2025-11-02 02:09:40,587 - FASTAPI - INFO - All models loaded successfully.
2025-11-02 02:09:50,180 - FASTAPI - INFO - FastAPI application starting up...
2025-11-02 02:09:50,180 - FASTAPI - INFO - FastAPI application starting up...
2025-11-02 02:09:50,727 - FASTAPI - INFO - All models loaded successfully.
2025-11-02 02:09:50,727 - FASTAPI - INFO - All models loaded successfully.
2025-11-02 02:10:06,113 - FASTAPI - INFO - FastAPI application starting up...
2025-11-02 02:10:06,113 - FASTAPI - INFO - FastAPI application starting up...
2025-11-02 02:10:06,653 - FASTAPI - INFO - All models loaded successfully.
2025-11-02 02:10:06,653 - FASTAPI - INFO - All models loaded successfully.
2025-11-02 02:10:59,805 - FASTAPI - INFO - FastAPI application starting up...
2025-11-02 02:10:59,805 - FASTAPI - INFO - FastAPI application starting up...
2025-11-02 02:11:00,357 - FASTAPI - INFO - All models loaded successfully.
2025-11-02 02:11:00,357 - FASTAPI - INFO - All models loaded successfully.
2025-11-02 02:13:50,404 - FASTAPI - INFO - FastAPI application starting up...
2025-11-02 02:13:50,404 - FASTAPI - INFO - FastAPI application starting up...
2025-11-02 02:13:50,974 - FASTAPI - INFO - All models loaded successfully.
2025-11-02 02:13:50,974 - FASTAPI - INFO - All models loaded successfully.
2025-11-02 02:15:03,970 - FASTAPI - INFO - FastAPI application starting up...
2025-11-02 02:15:03,970 - FASTAPI - INFO - FastAPI application starting up...
2025-11-02 02:15:04,598 - FASTAPI - INFO - All models loaded successfully.
2025-11-02 02:15:04,598 - FASTAPI - INFO - All models loaded successfully.
2025-11-02 02:16:46,741 - FASTAPI - INFO - FastAPI application starting up...
2025-11-02 02:16:46,741 - FASTAPI - INFO - FastAPI application starting up...
2025-11-02 02:16:47,251 - FASTAPI - INFO - All models loaded successfully.
2025-11-02 02:16:47,251 - FASTAPI - INFO - All models loaded successfully.
2025-11-02 02:26:13,750 - FASTAPI - INFO - FastAPI application starting up...
2025-11-02 02:26:13,750 - FASTAPI - INFO - FastAPI application starting up...
2025-11-02 02:26:14,367 - FASTAPI - INFO - All models loaded successfully.
2025-11-02 02:26:14,367 - FASTAPI - INFO - All models loaded successfully.
2025-11-02 02:30:09,626 - FASTAPI - INFO - FastAPI application starting up...
2025-11-02 02:30:09,626 - FASTAPI - INFO - FastAPI application starting up...
2025-11-02 02:30:10,169 - FASTAPI - INFO - All models loaded successfully.
2025-11-02 02:30:10,169 - FASTAPI - INFO - All models loaded successfully.
2025-11-02 02:31:09,469 - FASTAPI - INFO - FastAPI application starting up...
2025-11-02 02:31:09,469 - FASTAPI - INFO - FastAPI application starting up...
2025-11-02 02:31:10,061 - FASTAPI - INFO - All models loaded successfully.
2025-11-02 02:31:10,061 - FASTAPI - INFO - All models loaded successfully.
2025-11-02 02:31:25,468 - FASTAPI - INFO - FastAPI application starting up...
2025-11-02 02:31:25,468 - FASTAPI - INFO - FastAPI application starting up...
2025-11-02 02:31:26,094 - FASTAPI - INFO - All models loaded successfully.
2025-11-02 02:31:26,094 - FASTAPI - INFO - All models loaded successfully.
2025-11-02 02:31:39,881 - FASTAPI - INFO - FastAPI application starting up...
2025-11-02 02:31:39,881 - FASTAPI - INFO - FastAPI application starting up...
2025-11-02 02:31:40,426 - FASTAPI - INFO - All models loaded successfully.
2025-11-02 02:31:40,426 - FASTAPI - INFO - All models loaded successfully.
2025-11-02 02:31:54,338 - FASTAPI - INFO - FastAPI application starting up...
2025-11-02 02:31:54,338 - FASTAPI - INFO - FastAPI application starting up...
2025-11-02 02:31:54,900 - FASTAPI - INFO - All models loaded successfully.
2025-11-02 02:31:54,900 - FASTAPI - INFO - All models loaded successfully.
2025-11-02 02:32:09,025 - FASTAPI - INFO - FastAPI application starting up...
2025-11-02 02:32:09,025 - FASTAPI - INFO - FastAPI application starting up...
2025-11-02 02:32:09,817 - FASTAPI - INFO - All models loaded successfully.
2025-11-02 02:32:09,817 - FASTAPI - INFO - All models loaded successfully.
2025-11-02 02:32:24,888 - FASTAPI - INFO - FastAPI application starting up...
2025-11-02 02:32:24,888 - FASTAPI - INFO - FastAPI application starting up...
2025-11-02 02:32:25,508 - FASTAPI - INFO - All models loaded successfully.
2025-11-02 02:32:25,508 - FASTAPI - INFO - All models loaded successfully.
2025-11-02 02:32:39,602 - FASTAPI - INFO - FastAPI application starting up...
2025-11-02 02:32:39,602 - FASTAPI - INFO - FastAPI application starting up...
2025-11-02 02:32:40,257 - FASTAPI - INFO - All models loaded successfully.
2025-11-02 02:32:40,257 - FASTAPI - INFO - All models loaded successfully.
2025-11-02 02:37:49,876 - FASTAPI - INFO - FastAPI application starting up...
2025-11-02 02:37:49,876 - FASTAPI - INFO - FastAPI application starting up...
2025-11-02 02:37:50,719 - FASTAPI - INFO - All models loaded successfully.
2025-11-02 02:37:50,719 - FASTAPI - INFO - All models loaded successfully.
2025-11-02 02:39:11,665 - FASTAPI - INFO - FastAPI application starting up...
2025-11-02 02:39:11,665 - FASTAPI - INFO - FastAPI application starting up...
2025-11-02 02:39:12,246 - FASTAPI - INFO - All models loaded successfully.
2025-11-02 02:39:12,246 - FASTAPI - INFO - All models loaded successfully.
2025-11-02 02:40:04,545 - FASTAPI - INFO - FastAPI application starting up...
2025-11-02 02:40:04,545 - FASTAPI - INFO - FastAPI application starting up...
2025-11-02 02:40:05,212 - FASTAPI - INFO - All models loaded successfully.
2025-11-02 02:40:05,212 - FASTAPI - INFO - All models loaded successfully.
2025-11-02 02:40:47,077 - FASTAPI - INFO - FastAPI application starting up...
2025-11-02 02:40:47,077 - FASTAPI - INFO - FastAPI application starting up...
2025-11-02 02:40:47,705 - FASTAPI - INFO - All models loaded successfully.
2025-11-02 02:40:47,705 - FASTAPI - INFO - All models loaded successfully.
2025-11-02 02:41:16,491 - FASTAPI - INFO - FastAPI application starting up...
2025-11-02 02:41:16,491 - FASTAPI - INFO - FastAPI application starting up...
2025-11-02 02:41:17,111 - FASTAPI - INFO - All models loaded successfully.
2025-11-02 02:41:17,111 - FASTAPI - INFO - All models loaded successfully.
2025-11-02 02:41:44,703 - FASTAPI - INFO - FastAPI application starting up...
2025-11-02 02:41:44,703 - FASTAPI - INFO - FastAPI application starting up...
2025-11-02 02:41:45,243 - FASTAPI - INFO - All models loaded successfully.
2025-11-02 02:41:45,243 - FASTAPI - INFO - All models loaded successfully.
2025-11-02 02:42:40,820 - FASTAPI - INFO - FastAPI application starting up...
2025-11-02 02:42:40,820 - FASTAPI - INFO - FastAPI application starting up...
2025-11-02 02:42:41,351 - FASTAPI - INFO - All models loaded successfully.
2025-11-02 02:42:41,351 - FASTAPI - INFO - All models loaded successfully.
2025-11-02 02:43:15,162 - FASTAPI - INFO - FastAPI application starting up...
2025-11-02 02:43:15,162 - FASTAPI - INFO - FastAPI application starting up...
2025-11-02 02:43:15,713 - FASTAPI - INFO - All models loaded successfully.
2025-11-02 02:43:15,713 - FASTAPI - INFO - All models loaded successfully.
2025-11-02 02:45:02,237 - FASTAPI - INFO - FastAPI application starting up...
2025-11-02 02:45:02,237 - FASTAPI - INFO - FastAPI application starting up...
2025-11-02 02:45:02,782 - FASTAPI - INFO - All models loaded successfully.
2025-11-02 02:45:02,782 - FASTAPI - INFO - All models loaded successfully.
2025-11-02 02:45:23,051 - FASTAPI - INFO - FastAPI application starting up...
2025-11-02 02:45:23,051 - FASTAPI - INFO - FastAPI application starting up...
2025-11-02 02:45:23,599 - FASTAPI - INFO - All models loaded successfully.
2025-11-02 02:45:23,599 - FASTAPI - INFO - All models loaded successfully.
2025-11-02 02:47:44,279 - FASTAPI - INFO - FastAPI application starting up...
2025-11-02 02:47:44,279 - FASTAPI - INFO - FastAPI application starting up...
2025-11-02 02:47:44,863 - FASTAPI - INFO - All models loaded successfully.
2025-11-02 02:47:44,863 - FASTAPI - INFO - All models loaded successfully.
2025-11-02 02:49:05,600 - FASTAPI - INFO - FastAPI application starting up...
2025-11-02 02:49:05,600 - FASTAPI - INFO - FastAPI application starting up...
2025-11-02 02:49:06,212 - FASTAPI - INFO - All models loaded successfully.
2025-11-02 02:49:06,212 - FASTAPI - INFO - All models loaded successfully.
2025-11-02 02:49:58,342 - FASTAPI - INFO - FastAPI application starting up...
2025-11-02 02:49:58,342 - FASTAPI - INFO - FastAPI application starting up...
2025-11-02 02:49:58,965 - FASTAPI - INFO - All models loaded successfully.
2025-11-02 02:49:58,965 - FASTAPI - INFO - All models loaded successfully.
2025-11-02 09:25:43,800 - FASTAPI - INFO - Starting Uvicorn server on 0.0.0.0:8000
2025-11-02 09:25:51,012 - FASTAPI - INFO - FastAPI application starting up...
2025-11-02 09:25:51,012 - FASTAPI - INFO - FastAPI application starting up...
2025-11-02 09:25:54,435 - FASTAPI - INFO - All models loaded successfully.
2025-11-02 09:25:54,435 - FASTAPI - INFO - All models loaded successfully.
2025-11-02 09:30:00,320 - FASTAPI - INFO - FastAPI application starting up...
2025-11-02 09:30:00,320 - FASTAPI - INFO - FastAPI application starting up...
2025-11-02 09:30:00,861 - FASTAPI - INFO - All models loaded successfully.
2025-11-02 09:30:00,861 - FASTAPI - INFO - All models loaded successfully.
2025-11-02 09:30:14,563 - FASTAPI - INFO - FastAPI application starting up...
2025-11-02 09:30:14,563 - FASTAPI - INFO - FastAPI application starting up...
2025-11-02 09:30:15,098 - FASTAPI - INFO - All models loaded successfully.
2025-11-02 09:30:15,098 - FASTAPI - INFO - All models loaded successfully.
2025-11-02 09:30:35,293 - FASTAPI - INFO - FastAPI application starting up...
2025-11-02 09:30:35,293 - FASTAPI - INFO - FastAPI application starting up...
2025-11-02 09:30:35,887 - FASTAPI - INFO - All models loaded successfully.
2025-11-02 09:30:35,887 - FASTAPI - INFO - All models loaded successfully.
2025-11-02 09:30:50,153 - FASTAPI - INFO - FastAPI application starting up...
2025-11-02 09:30:50,153 - FASTAPI - INFO - FastAPI application starting up...
2025-11-02 09:30:50,872 - FASTAPI - INFO - All models loaded successfully.
2025-11-02 09:30:50,872 - FASTAPI - INFO - All models loaded successfully.
2025-11-02 09:31:04,508 - FASTAPI - INFO - FastAPI application starting up...
2025-11-02 09:31:04,508 - FASTAPI - INFO - FastAPI application starting up...
2025-11-02 09:31:05,081 - FASTAPI - INFO - All models loaded successfully.
2025-11-02 09:31:05,081 - FASTAPI - INFO - All models loaded successfully.
2025-11-02 09:32:03,746 - FASTAPI - INFO - FastAPI application starting up...
2025-11-02 09:32:03,746 - FASTAPI - INFO - FastAPI application starting up...
2025-11-02 09:32:04,334 - FASTAPI - INFO - All models loaded successfully.
2025-11-02 09:32:04,334 - FASTAPI - INFO - All models loaded successfully.
2025-11-02 09:32:30,362 - FASTAPI - INFO - FastAPI application starting up...
2025-11-02 09:32:30,362 - FASTAPI - INFO - FastAPI application starting up...
2025-11-02 09:32:30,995 - FASTAPI - INFO - All models loaded successfully.
2025-11-02 09:32:30,995 - FASTAPI - INFO - All models loaded successfully.
2025-11-02 09:43:50,785 - FASTAPI - INFO - FastAPI application starting up...
2025-11-02 09:43:50,785 - FASTAPI - INFO - FastAPI application starting up...
2025-11-02 09:43:54,504 - FASTAPI - INFO - All models loaded successfully.
2025-11-02 09:43:54,504 - FASTAPI - INFO - All models loaded successfully.
2025-11-02 09:44:07,626 - FASTAPI - INFO - FastAPI application starting up...
2025-11-02 09:44:07,626 - FASTAPI - INFO - FastAPI application starting up...
2025-11-02 09:44:08,343 - FASTAPI - INFO - All models loaded successfully.
2025-11-02 09:44:08,343 - FASTAPI - INFO - All models loaded successfully.
2025-11-02 09:45:05,735 - FASTAPI - INFO - FastAPI application starting up...
2025-11-02 09:45:05,735 - FASTAPI - INFO - FastAPI application starting up...
2025-11-02 09:45:07,136 - FASTAPI - INFO - All models loaded successfully.
2025-11-02 09:45:07,136 - FASTAPI - INFO - All models loaded successfully.
2025-11-02 09:48:35,782 - FASTAPI - INFO - FastAPI application starting up...
2025-11-02 09:48:35,782 - FASTAPI - INFO - FastAPI application starting up...
2025-11-02 09:48:36,632 - FASTAPI - INFO - All models loaded successfully.
2025-11-02 09:48:36,632 - FASTAPI - INFO - All models loaded successfully.
2025-11-02 09:51:33,607 - FASTAPI - INFO - FastAPI application starting up...
2025-11-02 09:51:33,607 - FASTAPI - INFO - FastAPI application starting up...
2025-11-02 09:51:34,189 - FASTAPI - INFO - All models loaded successfully.
2025-11-02 09:51:34,189 - FASTAPI - INFO - All models loaded successfully.
2025-11-02 09:51:48,131 - FASTAPI - INFO - FastAPI application starting up...
2025-11-02 09:51:48,131 - FASTAPI - INFO - FastAPI application starting up...
2025-11-02 09:51:48,759 - FASTAPI - INFO - All models loaded successfully.
2025-11-02 09:51:48,759 - FASTAPI - INFO - All models loaded successfully.
2025-11-02 10:04:05,076 - FASTAPI - INFO - Starting Uvicorn server on 0.0.0.0:8000
2025-11-02 10:04:12,055 - FASTAPI - INFO - FastAPI application starting up...
2025-11-02 10:04:12,055 - FASTAPI - INFO - FastAPI application starting up...
2025-11-02 10:04:12,965 - FASTAPI - INFO - All models loaded successfully.
2025-11-02 10:04:12,965 - FASTAPI - INFO - All models loaded successfully.
2025-11-02 10:08:31,405 - FASTAPI - INFO - FastAPI application starting up...
2025-11-02 10:08:31,405 - FASTAPI - INFO - FastAPI application starting up...
2025-11-02 10:08:31,931 - FASTAPI - INFO - All models loaded successfully.
2025-11-02 10:08:31,931 - FASTAPI - INFO - All models loaded successfully.
2025-11-02 10:08:56,696 - FASTAPI - INFO - FastAPI application starting up...
2025-11-02 10:08:56,696 - FASTAPI - INFO - FastAPI application starting up...
2025-11-02 10:08:57,289 - FASTAPI - INFO - All models loaded successfully.
2025-11-02 10:08:57,289 - FASTAPI - INFO - All models loaded successfully.
2025-11-02 10:09:27,979 - FASTAPI - INFO - FastAPI application starting up...
2025-11-02 10:09:27,979 - FASTAPI - INFO - FastAPI application starting up...
2025-11-02 10:09:28,491 - FASTAPI - INFO - All models loaded successfully.
2025-11-02 10:09:28,491 - FASTAPI - INFO - All models loaded successfully.
2025-11-02 10:09:58,919 - FASTAPI - INFO - FastAPI application starting up...
2025-11-02 10:09:58,919 - FASTAPI - INFO - FastAPI application starting up...
2025-11-02 10:09:59,431 - FASTAPI - INFO - All models loaded successfully.
2025-11-02 10:09:59,431 - FASTAPI - INFO - All models loaded successfully.
2025-11-02 10:10:18,013 - FASTAPI - INFO - FastAPI application starting up...
2025-11-02 10:10:18,013 - FASTAPI - INFO - FastAPI application starting up...
2025-11-02 10:10:18,731 - FASTAPI - INFO - All models loaded successfully.
2025-11-02 10:10:18,731 - FASTAPI - INFO - All models loaded successfully.
2025-11-02 10:10:37,209 - FASTAPI - INFO - FastAPI application starting up...
2025-11-02 10:10:37,209 - FASTAPI - INFO - FastAPI application starting up...
2025-11-02 10:10:37,806 - FASTAPI - INFO - All models loaded successfully.
2025-11-02 10:10:37,806 - FASTAPI - INFO - All models loaded successfully.
2025-11-02 10:10:56,198 - FASTAPI - INFO - FastAPI application starting up...
2025-11-02 10:10:56,198 - FASTAPI - INFO - FastAPI application starting up...
2025-11-02 10:10:56,744 - FASTAPI - INFO - All models loaded successfully.
2025-11-02 10:10:56,744 - FASTAPI - INFO - All models loaded successfully.
2025-11-02 10:11:20,491 - FASTAPI - INFO - FastAPI application starting up...
2025-11-02 10:11:20,491 - FASTAPI - INFO - FastAPI application starting up...
2025-11-02 10:11:20,998 - FASTAPI - INFO - All models loaded successfully.
2025-11-02 10:11:20,998 - FASTAPI - INFO - All models loaded successfully.
2025-11-02 10:11:39,994 - FASTAPI - INFO - FastAPI application starting up...
2025-11-02 10:11:39,994 - FASTAPI - INFO - FastAPI application starting up...
2025-11-02 10:11:40,648 - FASTAPI - INFO - All models loaded successfully.
2025-11-02 10:11:40,648 - FASTAPI - INFO - All models loaded successfully.
2025-11-02 10:11:53,278 - FASTAPI - INFO - FastAPI application starting up...
2025-11-02 10:11:53,278 - FASTAPI - INFO - FastAPI application starting up...
2025-11-02 10:11:53,884 - FASTAPI - INFO - All models loaded successfully.
2025-11-02 10:11:53,884 - FASTAPI - INFO - All models loaded successfully.
2025-11-02 10:12:06,577 - FASTAPI - INFO - FastAPI application starting up...
2025-11-02 10:12:06,577 - FASTAPI - INFO - FastAPI application starting up...
2025-11-02 10:12:07,179 - FASTAPI - INFO - All models loaded successfully.
2025-11-02 10:12:07,179 - FASTAPI - INFO - All models loaded successfully.
2025-11-02 10:12:25,356 - FASTAPI - INFO - FastAPI application starting up...
2025-11-02 10:12:25,356 - FASTAPI - INFO - FastAPI application starting up...
2025-11-02 10:12:25,903 - FASTAPI - INFO - All models loaded successfully.
2025-11-02 10:12:25,903 - FASTAPI - INFO - All models loaded successfully.
2025-11-02 10:12:49,612 - FASTAPI - INFO - FastAPI application starting up...
2025-11-02 10:12:49,612 - FASTAPI - INFO - FastAPI application starting up...
2025-11-02 10:12:50,145 - FASTAPI - INFO - All models loaded successfully.
2025-11-02 10:12:50,145 - FASTAPI - INFO - All models loaded successfully.
2025-11-02 10:13:13,919 - FASTAPI - INFO - FastAPI application starting up...
2025-11-02 10:13:13,919 - FASTAPI - INFO - FastAPI application starting up...
2025-11-02 10:13:14,518 - FASTAPI - INFO - All models loaded successfully.
2025-11-02 10:13:14,518 - FASTAPI - INFO - All models loaded successfully.
2025-11-02 10:13:39,133 - FASTAPI - INFO - FastAPI application starting up...
2025-11-02 10:13:39,133 - FASTAPI - INFO - FastAPI application starting up...
2025-11-02 10:13:39,665 - FASTAPI - INFO - All models loaded successfully.
2025-11-02 10:13:39,665 - FASTAPI - INFO - All models loaded successfully.
2025-11-02 10:14:27,197 - FASTAPI - INFO - FastAPI application starting up...
2025-11-02 10:14:27,197 - FASTAPI - INFO - FastAPI application starting up...
2025-11-02 10:14:27,834 - FASTAPI - INFO - All models loaded successfully.
2025-11-02 10:14:27,834 - FASTAPI - INFO - All models loaded successfully.
2025-11-02 10:15:19,962 - FASTAPI - INFO - FastAPI application starting up...
2025-11-02 10:15:19,962 - FASTAPI - INFO - FastAPI application starting up...
2025-11-02 10:15:20,630 - FASTAPI - INFO - All models loaded successfully.
2025-11-02 10:15:20,630 - FASTAPI - INFO - All models loaded successfully.
2025-11-02 10:16:26,432 - FASTAPI - INFO - Successful prediction for model: cnn. Predicted digit: 3
2025-11-02 10:16:26,432 - FASTAPI - INFO - Successful prediction for model: cnn. Predicted digit: 3
2025-11-02 10:19:38,551 - FASTAPI - INFO - FastAPI application starting up...
2025-11-02 10:19:38,551 - FASTAPI - INFO - FastAPI application starting up...
2025-11-02 10:19:39,330 - FASTAPI - INFO - All models loaded successfully.
2025-11-02 10:19:39,330 - FASTAPI - INFO - All models loaded successfully.
2025-11-02 10:20:00,821 - FASTAPI - INFO - FastAPI application starting up...
2025-11-02 10:20:00,821 - FASTAPI - INFO - FastAPI application starting up...
2025-11-02 10:20:01,340 - FASTAPI - INFO - All models loaded successfully.
2025-11-02 10:20:01,340 - FASTAPI - INFO - All models loaded successfully.
2025-11-02 10:21:29,969 - FASTAPI - INFO - FastAPI application starting up...
2025-11-02 10:21:29,969 - FASTAPI - INFO - FastAPI application starting up...
2025-11-02 10:21:30,476 - FASTAPI - INFO - All models loaded successfully.
2025-11-02 10:21:30,476 - FASTAPI - INFO - All models loaded successfully.
2025-11-02 10:23:32,504 - FASTAPI - INFO - FastAPI application starting up...
2025-11-02 10:23:32,504 - FASTAPI - INFO - FastAPI application starting up...
2025-11-02 10:23:33,052 - FASTAPI - INFO - All models loaded successfully.
2025-11-02 10:23:33,052 - FASTAPI - INFO - All models loaded successfully.
2025-11-02 10:32:16,786 - FASTAPI - INFO - FastAPI application starting up...
2025-11-02 10:32:16,786 - FASTAPI - INFO - FastAPI application starting up...
2025-11-02 10:32:17,350 - FASTAPI - INFO - All models loaded successfully.
2025-11-02 10:32:17,350 - FASTAPI - INFO - All models loaded successfully.
2025-11-02 10:33:32,368 - FASTAPI - INFO - FastAPI application starting up...
2025-11-02 10:33:32,368 - FASTAPI - INFO - FastAPI application starting up...
2025-11-02 10:33:32,916 - FASTAPI - INFO - All models loaded successfully.
2025-11-02 10:33:32,916 - FASTAPI - INFO - All models loaded successfully.
2025-11-02 10:42:45,829 - FASTAPI - INFO - FastAPI application starting up...
2025-11-02 10:42:45,829 - FASTAPI - INFO - FastAPI application starting up...
2025-11-02 10:42:46,357 - FASTAPI - INFO - All models loaded successfully.
2025-11-02 10:42:46,357 - FASTAPI - INFO - All models loaded successfully.
2025-11-02 10:45:09,990 - FASTAPI - INFO - FastAPI application starting up...
2025-11-02 10:45:09,990 - FASTAPI - INFO - FastAPI application starting up...
2025-11-02 10:45:10,526 - FASTAPI - INFO - All models loaded successfully.
2025-11-02 10:45:10,526 - FASTAPI - INFO - All models loaded successfully.
2025-11-02 10:45:29,163 - FASTAPI - INFO - FastAPI application starting up...
2025-11-02 10:45:29,163 - FASTAPI - INFO - FastAPI application starting up...
2025-11-02 10:45:29,714 - FASTAPI - INFO - All models loaded successfully.
2025-11-02 10:45:29,714 - FASTAPI - INFO - All models loaded successfully.
2025-11-02 10:45:42,189 - FASTAPI - INFO - FastAPI application starting up...
2025-11-02 10:45:42,189 - FASTAPI - INFO - FastAPI application starting up...
2025-11-02 10:45:42,732 - FASTAPI - INFO - All models loaded successfully.
2025-11-02 10:45:42,732 - FASTAPI - INFO - All models loaded successfully.
2025-11-02 10:46:30,556 - FASTAPI - INFO - FastAPI application starting up...
2025-11-02 10:46:30,556 - FASTAPI - INFO - FastAPI application starting up...
2025-11-02 10:46:31,138 - FASTAPI - INFO - All models loaded successfully.
2025-11-02 10:46:31,138 - FASTAPI - INFO - All models loaded successfully.
2025-11-02 10:47:37,580 - FASTAPI - INFO - FastAPI application starting up...
2025-11-02 10:47:37,580 - FASTAPI - INFO - FastAPI application starting up...
2025-11-02 10:47:38,139 - FASTAPI - INFO - All models loaded successfully.
2025-11-02 10:47:38,139 - FASTAPI - INFO - All models loaded successfully.
2025-11-02 10:52:15,685 - FASTAPI - INFO - FastAPI application starting up...
2025-11-02 10:52:15,685 - FASTAPI - INFO - FastAPI application starting up...
2025-11-02 10:52:16,253 - FASTAPI - INFO - All models loaded successfully.
2025-11-02 10:52:16,253 - FASTAPI - INFO - All models loaded successfully.
2025-11-02 10:52:46,436 - FASTAPI - INFO - FastAPI application starting up...
2025-11-02 10:52:46,436 - FASTAPI - INFO - FastAPI application starting up...
2025-11-02 10:52:46,987 - FASTAPI - INFO - All models loaded successfully.
2025-11-02 10:52:46,987 - FASTAPI - INFO - All models loaded successfully.
2025-11-02 10:55:23,647 - FASTAPI - INFO - FastAPI application starting up...
2025-11-02 10:55:23,647 - FASTAPI - INFO - FastAPI application starting up...
2025-11-02 10:55:24,207 - FASTAPI - INFO - All models loaded successfully.
2025-11-02 10:55:24,207 - FASTAPI - INFO - All models loaded successfully.
2025-11-02 10:55:42,918 - FASTAPI - INFO - FastAPI application starting up...
2025-11-02 10:55:42,918 - FASTAPI - INFO - FastAPI application starting up...
2025-11-02 10:55:43,465 - FASTAPI - INFO - All models loaded successfully.
2025-11-02 10:55:43,465 - FASTAPI - INFO - All models loaded successfully.
2025-11-02 10:55:45,518 - FASTAPI - INFO - Successful prediction for model: cnn. Predicted digit: 1
2025-11-02 10:55:45,518 - FASTAPI - INFO - Successful prediction for model: cnn. Predicted digit: 1
2025-11-02 10:56:41,878 - FASTAPI - INFO - FastAPI application starting up...
2025-11-02 10:56:41,878 - FASTAPI - INFO - FastAPI application starting up...
2025-11-02 10:56:42,415 - FASTAPI - INFO - All models loaded successfully.
2025-11-02 10:56:42,415 - FASTAPI - INFO - All models loaded successfully.
2025-11-02 10:57:37,090 - FASTAPI - INFO - FastAPI application starting up...
2025-11-02 10:57:37,090 - FASTAPI - INFO - FastAPI application starting up...
2025-11-02 10:57:37,698 - FASTAPI - INFO - All models loaded successfully.
2025-11-02 10:57:37,698 - FASTAPI - INFO - All models loaded successfully.
2025-11-02 10:57:50,014 - FASTAPI - INFO - FastAPI application starting up...
2025-11-02 10:57:50,014 - FASTAPI - INFO - FastAPI application starting up...
2025-11-02 10:57:50,566 - FASTAPI - INFO - All models loaded successfully.
2025-11-02 10:57:50,566 - FASTAPI - INFO - All models loaded successfully.
2025-11-02 10:58:03,082 - FASTAPI - INFO - FastAPI application starting up...
2025-11-02 10:58:03,082 - FASTAPI - INFO - FastAPI application starting up...
2025-11-02 10:58:03,593 - FASTAPI - INFO - All models loaded successfully.
2025-11-02 10:58:03,593 - FASTAPI - INFO - All models loaded successfully.
2025-11-02 10:58:16,427 - FASTAPI - INFO - FastAPI application starting up...
2025-11-02 10:58:16,427 - FASTAPI - INFO - FastAPI application starting up...
2025-11-02 10:58:16,976 - FASTAPI - INFO - All models loaded successfully.
2025-11-02 10:58:16,976 - FASTAPI - INFO - All models loaded successfully.
2025-11-02 11:16:04,056 - FASTAPI - INFO - FastAPI application starting up...
2025-11-02 11:16:04,056 - FASTAPI - INFO - FastAPI application starting up...
2025-11-02 11:16:04,895 - FASTAPI - INFO - All models loaded successfully.
2025-11-02 11:16:04,895 - FASTAPI - INFO - All models loaded successfully.
2025-11-02 11:18:10,180 - FASTAPI - INFO - FastAPI application starting up...
2025-11-02 11:18:10,180 - FASTAPI - INFO - FastAPI application starting up...
2025-11-02 11:18:10,768 - FASTAPI - INFO - All models loaded successfully.
2025-11-02 11:18:10,768 - FASTAPI - INFO - All models loaded successfully.
2025-11-02 11:19:28,506 - FASTAPI - INFO - FastAPI application starting up...
2025-11-02 11:19:28,506 - FASTAPI - INFO - FastAPI application starting up...
2025-11-02 11:19:28,990 - FASTAPI - INFO - All models loaded successfully.
2025-11-02 11:19:28,990 - FASTAPI - INFO - All models loaded successfully.
2025-11-02 11:25:34,296 - FASTAPI - INFO - FastAPI application starting up...
2025-11-02 11:25:34,296 - FASTAPI - INFO - FastAPI application starting up...
2025-11-02 11:25:34,850 - FASTAPI - INFO - All models loaded successfully.
2025-11-02 11:25:34,850 - FASTAPI - INFO - All models loaded successfully.
2025-11-02 11:42:27,868 - FASTAPI - INFO - FastAPI application starting up...
2025-11-02 11:42:27,868 - FASTAPI - INFO - FastAPI application starting up...
2025-11-02 11:42:28,444 - FASTAPI - INFO - All models loaded successfully.
2025-11-02 11:42:28,444 - FASTAPI - INFO - All models loaded successfully.
2025-11-02 11:43:43,330 - FASTAPI - INFO - FastAPI application starting up...
2025-11-02 11:43:43,330 - FASTAPI - INFO - FastAPI application starting up...
2025-11-02 11:43:43,856 - FASTAPI - INFO - All models loaded successfully.
2025-11-02 11:43:43,856 - FASTAPI - INFO - All models loaded successfully.
2025-11-02 12:24:06,928 - FASTAPI - INFO - FastAPI application starting up...
2025-11-02 12:24:06,928 - FASTAPI - INFO - FastAPI application starting up...
2025-11-02 12:24:07,456 - FASTAPI - INFO - All models loaded successfully.
2025-11-02 12:24:07,456 - FASTAPI - INFO - All models loaded successfully.
2025-11-02 12:24:19,518 - FASTAPI - INFO - FastAPI application starting up...
2025-11-02 12:24:19,518 - FASTAPI - INFO - FastAPI application starting up...
2025-11-02 12:24:20,099 - FASTAPI - INFO - All models loaded successfully.
2025-11-02 12:24:20,099 - FASTAPI - INFO - All models loaded successfully.
2025-11-02 12:30:09,930 - FASTAPI - INFO - FastAPI application starting up...
2025-11-02 12:30:09,930 - FASTAPI - INFO - FastAPI application starting up...
2025-11-02 12:30:10,483 - FASTAPI - INFO - All models loaded successfully.
2025-11-02 12:30:10,483 - FASTAPI - INFO - All models loaded successfully.
2025-11-02 12:30:34,196 - FASTAPI - INFO - Successful prediction for model: cnn. Predicted digit: 3
2025-11-02 12:30:34,196 - FASTAPI - INFO - Successful prediction for model: cnn. Predicted digit: 3
2025-11-02 13:50:06,749 - FASTAPI - INFO - FastAPI application starting up...
2025-11-02 13:50:06,749 - FASTAPI - INFO - FastAPI application starting up...
2025-11-02 13:50:07,358 - FASTAPI - INFO - All models loaded successfully.
2025-11-02 13:50:07,358 - FASTAPI - INFO - All models loaded successfully.
2025-11-02 13:50:09,345 - FASTAPI - INFO - Successful prediction for model: cnn. Predicted digit: 1
2025-11-02 13:50:09,345 - FASTAPI - INFO - Successful prediction for model: cnn. Predicted digit: 1
2025-11-02 13:51:16,481 - FASTAPI - INFO - FastAPI application starting up...
2025-11-02 13:51:16,481 - FASTAPI - INFO - FastAPI application starting up...
2025-11-02 13:51:16,988 - FASTAPI - INFO - All models loaded successfully.
2025-11-02 13:51:16,988 - FASTAPI - INFO - All models loaded successfully.
2025-11-02 13:51:41,618 - FASTAPI - INFO - FastAPI application starting up...
2025-11-02 13:51:41,618 - FASTAPI - INFO - FastAPI application starting up...
2025-11-02 13:51:42,146 - FASTAPI - INFO - All models loaded successfully.
2025-11-02 13:51:42,146 - FASTAPI - INFO - All models loaded successfully.
2025-11-02 13:52:54,803 - FASTAPI - INFO - FastAPI application starting up...
2025-11-02 13:52:54,803 - FASTAPI - INFO - FastAPI application starting up...
2025-11-02 13:52:55,364 - FASTAPI - INFO - All models loaded successfully.
2025-11-02 13:52:55,364 - FASTAPI - INFO - All models loaded successfully.
2025-11-02 13:53:07,568 - FASTAPI - INFO - FastAPI application starting up...
2025-11-02 13:53:07,568 - FASTAPI - INFO - FastAPI application starting up...
2025-11-02 13:53:08,080 - FASTAPI - INFO - All models loaded successfully.
2025-11-02 13:53:08,080 - FASTAPI - INFO - All models loaded successfully.
2025-11-02 13:53:36,607 - FASTAPI - INFO - FastAPI application starting up...
2025-11-02 13:53:36,607 - FASTAPI - INFO - FastAPI application starting up...
2025-11-02 13:53:37,108 - FASTAPI - INFO - All models loaded successfully.
2025-11-02 13:53:37,108 - FASTAPI - INFO - All models loaded successfully.
2025-11-02 13:55:27,127 - FASTAPI - INFO - FastAPI application starting up...
2025-11-02 13:55:27,127 - FASTAPI - INFO - FastAPI application starting up...
2025-11-02 13:55:27,651 - FASTAPI - INFO - All models loaded successfully.
2025-11-02 13:55:27,651 - FASTAPI - INFO - All models loaded successfully.
2025-11-02 13:56:08,226 - FASTAPI - INFO - FastAPI application starting up...
2025-11-02 13:56:08,226 - FASTAPI - INFO - FastAPI application starting up...
2025-11-02 13:56:08,764 - FASTAPI - INFO - All models loaded successfully.
2025-11-02 13:56:08,764 - FASTAPI - INFO - All models loaded successfully.
2025-11-02 13:57:26,103 - FASTAPI - INFO - FastAPI application starting up...
2025-11-02 13:57:26,103 - FASTAPI - INFO - FastAPI application starting up...
2025-11-02 13:57:26,773 - FASTAPI - INFO - All models loaded successfully.
2025-11-02 13:57:26,773 - FASTAPI - INFO - All models loaded successfully.
2025-11-02 13:57:38,933 - FASTAPI - INFO - FastAPI application starting up...
2025-11-02 13:57:38,933 - FASTAPI - INFO - FastAPI application starting up...
2025-11-02 13:57:39,489 - FASTAPI - INFO - All models loaded successfully.
2025-11-02 13:57:39,489 - FASTAPI - INFO - All models loaded successfully.
2025-11-02 13:57:57,551 - FASTAPI - INFO - FastAPI application starting up...
2025-11-02 13:57:57,551 - FASTAPI - INFO - FastAPI application starting up...
2025-11-02 13:57:58,242 - FASTAPI - INFO - All models loaded successfully.
2025-11-02 13:57:58,242 - FASTAPI - INFO - All models loaded successfully.
2025-11-02 13:58:16,852 - FASTAPI - INFO - FastAPI application starting up...
2025-11-02 13:58:16,852 - FASTAPI - INFO - FastAPI application starting up...
2025-11-02 13:58:17,369 - FASTAPI - INFO - All models loaded successfully.
2025-11-02 13:58:17,369 - FASTAPI - INFO - All models loaded successfully.
2025-11-02 13:59:36,913 - FASTAPI - INFO - FastAPI application starting up...
2025-11-02 13:59:36,913 - FASTAPI - INFO - FastAPI application starting up...
2025-11-02 13:59:37,456 - FASTAPI - INFO - All models loaded successfully.
2025-11-02 13:59:37,456 - FASTAPI - INFO - All models loaded successfully.
